<?xml version="1.0" encoding="UTF-8"?>
<!-- Generated by org.testng.reporters.JUnitReportReporter -->
<testsuite name="com.aeps.testscript.InValidLoginVallidation" tests="1" time="22.552" ignored="0" failures="0" timestamp="15 Jan 2017 06:08:33 GMT" skipped="0" hostname="karthickmasan" errors="0">
  <testcase name="VerifyLoginValidation" time="22.552" classname="com.aeps.testscript.InValidLoginVallidation"/>
</testsuite> <!-- com.aeps.testscript.InValidLoginVallidation -->
