<?xml version="1.0" encoding="UTF-8"?>
<testsuite name="com.aeps.testscript.InValidLoginVallidation" tests="1" skipped="0" failures="0" errors="0" timestamp="2017-01-15T06:07:59" hostname="karthickmasan" time="22.552">
  <properties/>
  <testcase name="VerifyLoginValidation" classname="com.aeps.testscript.InValidLoginVallidation" time="22.552"/>
  <system-out><![CDATA[Please enter Password
]]></system-out>
  <system-err><![CDATA[]]></system-err>
</testsuite>
