<?xml version="1.0" encoding="UTF-8"?>
<!-- Generated by org.testng.reporters.JUnitReportReporter -->
<testsuite name="com.aeps.testscript.LoginInAEPS" tests="1" time="15.502" ignored="0" failures="0" timestamp="14 Jan 2017 04:45:46 GMT" skipped="0" hostname="karthickmasan" errors="0">
  <testcase name="VerifyLoginSuccess" time="15.502" classname="com.aeps.testscript.LoginInAEPS"/>
</testsuite> <!-- com.aeps.testscript.LoginInAEPS -->
